Arguments: 
  /usr/bin/node /usr/share/yarn/bin/yarn.js add @fortawesome/fontawesome-svg-core yarn add @fortawesome/free-solid-svg-icons yarn add @fortawesome/angular-fontawesome

PATH: 
  /usr/local/sbin:/usr/local/bin:/usr/sbin:/usr/bin:/sbin:/bin:/usr/games:/usr/local/games:/snap/bin

Yarn version: 
  1.12.3

Node version: 
  8.15.0

Platform: 
  linux x64

Trace: 
  Error: getaddrinfo ENOTFOUND registry.yarnpkg.com registry.yarnpkg.com:443
      at GetAddrInfoReqWrap.onlookup [as oncomplete] (dns.js:67:26)

npm manifest: 
  {
    "name": "chat-bot",
    "version": "0.0.0",
    "scripts": {
      "ng": "ng",
      "start": "ng serve",
      "build": "ng build",
      "test": "ng test",
      "lint": "ng lint",
      "e2e": "ng e2e"
    },
    "private": true,
    "dependencies": {
      "@angular/animations": "~7.1.0",
      "@angular/common": "~7.1.0",
      "@angular/compiler": "~7.1.0",
      "@angular/core": "~7.1.0",
      "@angular/forms": "~7.1.0",
      "@angular/platform-browser": "~7.1.0",
      "@angular/platform-browser-dynamic": "~7.1.0",
      "@angular/router": "~7.1.0",
      "core-js": "^2.5.4",
      "rxjs": "~6.3.3",
      "tslib": "^1.9.0",
      "zone.js": "~0.8.26"
    },
    "devDependencies": {
      "@angular-devkit/build-angular": "~0.11.0",
      "@angular/cli": "~7.1.3",
      "@angular/compiler-cli": "~7.1.0",
      "@angular/language-service": "~7.1.0",
      "@types/node": "~8.9.4",
      "@types/jasmine": "~2.8.8",
      "@types/jasminewd2": "~2.0.3",
      "codelyzer": "~4.5.0",
      "jasmine-core": "~2.99.1",
      "jasmine-spec-reporter": "~4.2.1",
      "karma": "~3.1.1",
      "karma-chrome-launcher": "~2.2.0",
      "karma-coverage-istanbul-reporter": "~2.0.1",
      "karma-jasmine": "~1.1.2",
      "karma-jasmine-html-reporter": "^0.2.2",
      "protractor": "~5.4.0",
      "ts-node": "~7.0.0",
      "tslint": "~5.11.0",
      "typescript": "~3.1.6"
    }
  }

yarn manifest: 
  No manifest

Lockfile: 
  No lockfile
